<?xml version='1.0' encoding='UTF-8' ?>
<testsuite name="com.example.tapsyncwatch.baselineprofile.BaselineProfileGenerator" tests="1" failures="0" errors="0" skipped="0" time="643.262" timestamp="2026-02-14T15:22:36" hostname="localhost">
  <properties>
    <property name="device" value="SM-R920 - 16" />
    <property name="flavor" value="" />
    <property name="project" value=":baselineprofile" />
  </properties>
  <testcase name="generate" classname="com.example.tapsyncwatch.baselineprofile.BaselineProfileGenerator" time="636.425" />
</testsuite>